<?xml version="1.0" encoding="UTF-8"?>
<testsuite xmlns:xsi="http://www.w3.org/2001/XMLSchema-instance" xsi:noNamespaceSchemaLocation="https://maven.apache.org/surefire/maven-surefire-plugin/xsd/surefire-test-report-3.0.xsd" version="3.0" name="com.evconnect.api.service.EventServiceTest" time="2.401" tests="8" errors="0" skipped="0" failures="0">
  <properties>
[...]
</properties>
  <testcase name="getEventById_WhenExists_ShouldReturnEvent" classname="com.evconnect.api.service.EventServiceTest" time="2.231">
    <system-err><![CDATA[WARNING: A Java agent has been loaded dynamically (C:\Users\bavan\.m2\repository\net\bytebuddy\byte-buddy-agent\1.14.19\byte-buddy-agent-1.14.19.jar)
WARNING: If a serviceability tool is in use, please run with -XX:+EnableDynamicAgentLoading to hide this warning
WARNING: If a serviceability tool is not in use, please run with -Djdk.instrument.traceUsage for more information
WARNING: Dynamic loading of agents will be disallowed by default in a future release
]]></system-err>
  </testcase>
  <testcase name="deleteEvent_WhenNotAuthorized_ShouldThrowException" classname="com.evconnect.api.service.EventServiceTest" time="0.054"/>
  <testcase name="getAllEvents_ShouldReturnList" classname="com.evconnect.api.service.EventServiceTest" time="0.008"/>
  <testcase name="createEvent_ShouldSaveAndReturnEvent" classname="com.evconnect.api.service.EventServiceTest" time="0.011"/>
  <testcase name="updateEvent_WhenAuthorized_ShouldUpdateAndSave" classname="com.evconnect.api.service.EventServiceTest" time="0.006"/>
  <testcase name="deleteEvent_WhenAuthorized_ShouldDelete" classname="com.evconnect.api.service.EventServiceTest" time="0.006"/>
  <testcase name="updateEvent_WhenNotAuthorized_ShouldThrowException" classname="com.evconnect.api.service.EventServiceTest" time="0.007"/>
  <testcase name="getEventById_WhenNotExists_ShouldThrowException" classname="com.evconnect.api.service.EventServiceTest" time="0.006"/>
</testsuite>